# JRE version: OpenJDK Runtime Environment (17.0.7) (build 17.0.7+0-b2043.56-10550314)
# Java VM: OpenJDK 64-Bit Server VM (17.0.7+0-b2043.56-10550314, mixed mode, tiered, compressed oops, compressed class ptrs, g1 gc, windows-amd64)
GC Precious Log:
 CPUs: 12 total, 12 available
 Memory: 5996M
 Large Page Support: Disabled
 NUMA Support: Disabled
 Compressed Oops: Enabled (Zero based)
 Heap Region Size: 2M
 Heap Min Capacity: 8M
 Heap Initial Capacity: 94M
 Heap Max Capacity: 4G
 Pre-touch: Disabled
 Parallel Workers: 10
 Concurrent Workers: 3
 Concurrent Refinement Workers: 10
 Periodic GC: Disabled
Heap:
 garbage-first heap   total 186368K, used 112935K [0x0000000700000000, 0x0000000800000000)
  region size 2048K, 4 young (8192K), 4 survivors (8192K)
 Metaspace       used 103673K, committed 104512K, reserved 1179648K
  class space    used 14232K, committed 14592K, reserved 1048576K
GC Heap History (20 events):
Event: 15.642 GC heap after
{Heap after GC invocations=42 (full 0):
 garbage-first heap   total 147456K, used 78320K [0x0000000700000000, 0x0000000800000000)
  region size 2048K, 1 young (2048K), 1 survivors (2048K)
 Metaspace       used 85433K, committed 86080K, reserved 1179648K
  class space    used 11758K, committed 12032K, reserved 1048576K
}
Event: 16.074 GC heap before
{Heap before GC invocations=42 (full 0):
 garbage-first heap   total 147456K, used 117232K [0x0000000700000000, 0x0000000800000000)
  region size 2048K, 20 young (40960K), 1 survivors (2048K)
 Metaspace       used 87010K, committed 87680K, reserved 1179648K
  class space    used 11985K, committed 12288K, reserved 1048576K
}
Event: 16.080 GC heap after
{Heap after GC invocations=43 (full 0):
 garbage-first heap   total 147456K, used 81949K [0x0000000700000000, 0x0000000800000000)
  region size 2048K, 3 young (6144K), 3 survivors (6144K)
 Metaspace       used 87010K, committed 87680K, reserved 1179648K
  class space    used 11985K, committed 12288K, reserved 1048576K
}
Event: 16.711 GC heap before
{Heap before GC invocations=44 (full 0):
 garbage-first heap   total 147456K, used 118813K [0x0000000700000000, 0x0000000800000000)
  region size 2048K, 21 young (43008K), 3 survivors (6144K)
 Metaspace       used 88394K, committed 89152K, reserved 1179648K
  class space    used 12170K, committed 12480K, reserved 1048576K
}
Event: 16.722 GC heap after
{Heap after GC invocations=45 (full 0):
 garbage-first heap   total 147456K, used 87915K [0x0000000700000000, 0x0000000800000000)
  region size 2048K, 3 young (6144K), 3 survivors (6144K)
 Metaspace       used 88394K, committed 89152K, reserved 1179648K
  class space    used 12170K, committed 12480K, reserved 1048576K
}
Event: 16.741 GC heap before
{Heap before GC invocations=45 (full 0):
 garbage-first heap   total 147456K, used 87915K [0x0000000700000000, 0x0000000800000000)
  region size 2048K, 4 young (8192K), 3 survivors (6144K)
 Metaspace       used 88394K, committed 89152K, reserved 1179648K
  class space    used 12170K, committed 12480K, reserved 1048576K
}
Event: 16.749 GC heap after
{Heap after GC invocations=46 (full 0):
 garbage-first heap   total 186368K, used 88926K [0x0000000700000000, 0x0000000800000000)
  region size 2048K, 1 young (2048K), 1 survivors (2048K)
 Metaspace       used 88394K, committed 89152K, reserved 1179648K
  class space    used 12170K, committed 12480K, reserved 1048576K
}
Event: 18.209 GC heap before
{Heap before GC invocations=46 (full 0):
 garbage-first heap   total 186368K, used 146270K [0x0000000700000000, 0x0000000800000000)
  region size 2048K, 29 young (59392K), 1 survivors (2048K)
 Metaspace       used 94459K, committed 95232K, reserved 1179648K
  class space    used 13093K, committed 13440K, reserved 1048576K
}
Event: 18.219 GC heap after
{Heap after GC invocations=47 (full 0):
 garbage-first heap   total 186368K, used 93499K [0x0000000700000000, 0x0000000800000000)
  region size 2048K, 3 young (6144K), 3 survivors (6144K)
 Metaspace       used 94459K, committed 95232K, reserved 1179648K
  class space    used 13093K, committed 13440K, reserved 1048576K
}
Event: 19.110 GC heap before
{Heap before GC invocations=48 (full 0):
 garbage-first heap   total 186368K, used 142651K [0x0000000700000000, 0x0000000800000000)
  region size 2048K, 28 young (57344K), 3 survivors (6144K)
 Metaspace       used 97111K, committed 97920K, reserved 1179648K
  class space    used 13456K, committed 13824K, reserved 1048576K
}
Event: 19.120 GC heap after
{Heap after GC invocations=49 (full 0):
 garbage-first heap   total 186368K, used 99315K [0x0000000700000000, 0x0000000800000000)
  region size 2048K, 3 young (6144K), 3 survivors (6144K)
 Metaspace       used 97111K, committed 97920K, reserved 1179648K
  class space    used 13456K, committed 13824K, reserved 1048576K
}
Event: 19.147 GC heap before
{Heap before GC invocations=49 (full 0):
 garbage-first heap   total 186368K, used 101363K [0x0000000700000000, 0x0000000800000000)
  region size 2048K, 4 young (8192K), 3 survivors (6144K)
 Metaspace       used 97201K, committed 97984K, reserved 1179648K
  class space    used 13464K, committed 13824K, reserved 1048576K
}
Event: 19.154 GC heap after
{Heap after GC invocations=50 (full 0):
 garbage-first heap   total 186368K, used 99674K [0x0000000700000000, 0x0000000800000000)
  region size 2048K, 1 young (2048K), 1 survivors (2048K)
 Metaspace       used 97201K, committed 97984K, reserved 1179648K
  class space    used 13464K, committed 13824K, reserved 1048576K
}
Event: 19.734 GC heap before
{Heap before GC invocations=50 (full 0):
 garbage-first heap   total 186368K, used 146778K [0x0000000700000000, 0x0000000800000000)
  region size 2048K, 24 young (49152K), 1 survivors (2048K)
 Metaspace       used 98073K, committed 98880K, reserved 1179648K
  class space    used 13584K, committed 13952K, reserved 1048576K
}
Event: 19.739 GC heap after
{Heap after GC invocations=51 (full 0):
 garbage-first heap   total 186368K, used 102686K [0x0000000700000000, 0x0000000800000000)
  region size 2048K, 2 young (4096K), 2 survivors (4096K)
 Metaspace       used 98073K, committed 98880K, reserved 1179648K
  class space    used 13584K, committed 13952K, reserved 1048576K
}
Event: 21.170 GC heap before
{Heap before GC invocations=51 (full 0):
 garbage-first heap   total 186368K, used 147742K [0x0000000700000000, 0x0000000800000000)
  region size 2048K, 25 young (51200K), 2 survivors (4096K)
 Metaspace       used 100541K, committed 101376K, reserved 1179648K
  class space    used 13894K, committed 14272K, reserved 1048576K
}
Event: 21.180 GC heap after
{Heap after GC invocations=52 (full 0):
 garbage-first heap   total 186368K, used 105900K [0x0000000700000000, 0x0000000800000000)
  region size 2048K, 4 young (8192K), 4 survivors (8192K)
 Metaspace       used 100541K, committed 101376K, reserved 1179648K
  class space    used 13894K, committed 14272K, reserved 1048576K
}
Event: 21.995 GC heap before
{Heap before GC invocations=52 (full 0):
 garbage-first heap   total 186368K, used 148908K [0x0000000700000000, 0x0000000800000000)
  region size 2048K, 26 young (53248K), 4 survivors (8192K)
 Metaspace       used 102534K, committed 103360K, reserved 1179648K
  class space    used 14113K, committed 14464K, reserved 1048576K
}
Event: 22.008 GC heap after
{Heap after GC invocations=53 (full 0):
 garbage-first heap   total 186368K, used 109680K [0x0000000700000000, 0x0000000800000000)
  region size 2048K, 4 young (8192K), 4 survivors (8192K)
 Metaspace       used 102534K, committed 103360K, reserved 1179648K
  class space    used 14113K, committed 14464K, reserved 1048576K
}
Event: 22.826 GC heap before
{Heap before GC invocations=53 (full 0):
 garbage-first heap   total 186368K, used 150640K [0x0000000700000000, 0x0000000800000000)
  region size 2048K, 25 young (51200K), 4 survivors (8192K)
 Metaspace       used 103673K, committed 104512K, reserved 1179648K
  class space    used 14232K, committed 14592K, reserved 1048576K
}

