# JRE version: OpenJDK Runtime Environment (17.0.7) (build 17.0.7+0-b2043.56-10550314)
# Java VM: OpenJDK 64-Bit Server VM (17.0.7+0-b2043.56-10550314, mixed mode, tiered, compressed oops, compressed class ptrs, g1 gc, windows-amd64)
GC Precious Log:
 CPUs: 12 total, 12 available
 Memory: 5996M
 Large Page Support: Disabled
 NUMA Support: Disabled
 Compressed Oops: Enabled (Zero based)
 Heap Region Size: 2M
 Heap Min Capacity: 8M
 Heap Initial Capacity: 94M
 Heap Max Capacity: 4G
 Pre-touch: Disabled
 Parallel Workers: 10
 Concurrent Workers: 3
 Concurrent Refinement Workers: 10
 Periodic GC: Disabled
Heap:
 garbage-first heap   total 208896K, used 94528K [0x0000000700000000, 0x0000000800000000)
  region size 2048K, 3 young (6144K), 3 survivors (6144K)
 Metaspace       used 101729K, committed 102464K, reserved 1179648K
  class space    used 13802K, committed 14144K, reserved 1048576K
GC Heap History (20 events):
Event: 23.496 GC heap after
{Heap after GC invocations=35 (full 0):
 garbage-first heap   total 126976K, used 75879K [0x0000000700000000, 0x0000000800000000)
  region size 2048K, 1 young (2048K), 1 survivors (2048K)
 Metaspace       used 85085K, committed 85760K, reserved 1179648K
  class space    used 11731K, committed 12032K, reserved 1048576K
}
Event: 23.759 GC heap before
{Heap before GC invocations=36 (full 0):
 garbage-first heap   total 137216K, used 102503K [0x0000000700000000, 0x0000000800000000)
  region size 2048K, 14 young (28672K), 1 survivors (2048K)
 Metaspace       used 86681K, committed 87424K, reserved 1179648K
  class space    used 11942K, committed 12288K, reserved 1048576K
}
Event: 23.762 GC heap after
{Heap after GC invocations=37 (full 0):
 garbage-first heap   total 137216K, used 78037K [0x0000000700000000, 0x0000000800000000)
  region size 2048K, 2 young (4096K), 2 survivors (4096K)
 Metaspace       used 86681K, committed 87424K, reserved 1179648K
  class space    used 11942K, committed 12288K, reserved 1048576K
}
Event: 24.063 GC heap before
{Heap before GC invocations=37 (full 0):
 garbage-first heap   total 137216K, used 112853K [0x0000000700000000, 0x0000000800000000)
  region size 2048K, 19 young (38912K), 2 survivors (4096K)
 Metaspace       used 88427K, committed 89152K, reserved 1179648K
  class space    used 12189K, committed 12480K, reserved 1048576K
}
Event: 24.068 GC heap after
{Heap after GC invocations=38 (full 0):
 garbage-first heap   total 137216K, used 82166K [0x0000000700000000, 0x0000000800000000)
  region size 2048K, 3 young (6144K), 3 survivors (6144K)
 Metaspace       used 88427K, committed 89152K, reserved 1179648K
  class space    used 12189K, committed 12480K, reserved 1048576K
}
Event: 24.289 GC heap before
{Heap before GC invocations=39 (full 0):
 garbage-first heap   total 143360K, used 112886K [0x0000000700000000, 0x0000000800000000)
  region size 2048K, 18 young (36864K), 3 survivors (6144K)
 Metaspace       used 90740K, committed 91456K, reserved 1179648K
  class space    used 12611K, committed 12928K, reserved 1048576K
}
Event: 24.295 GC heap after
{Heap after GC invocations=40 (full 0):
 garbage-first heap   total 172032K, used 84015K [0x0000000700000000, 0x0000000800000000)
  region size 2048K, 1 young (2048K), 1 survivors (2048K)
 Metaspace       used 90740K, committed 91456K, reserved 1179648K
  class space    used 12611K, committed 12928K, reserved 1048576K
}
Event: 24.755 GC heap before
{Heap before GC invocations=40 (full 0):
 garbage-first heap   total 172032K, used 135215K [0x0000000700000000, 0x0000000800000000)
  region size 2048K, 27 young (55296K), 1 survivors (2048K)
 Metaspace       used 93399K, committed 94144K, reserved 1179648K
  class space    used 12922K, committed 13248K, reserved 1048576K
}
Event: 24.758 GC heap after
{Heap after GC invocations=41 (full 0):
 garbage-first heap   total 172032K, used 85852K [0x0000000700000000, 0x0000000800000000)
  region size 2048K, 2 young (4096K), 2 survivors (4096K)
 Metaspace       used 93399K, committed 94144K, reserved 1179648K
  class space    used 12922K, committed 13248K, reserved 1048576K
}
Event: 28.946 GC heap before
{Heap before GC invocations=42 (full 0):
 garbage-first heap   total 172032K, used 137052K [0x0000000700000000, 0x0000000800000000)
  region size 2048K, 28 young (57344K), 2 survivors (4096K)
 Metaspace       used 101328K, committed 102144K, reserved 1179648K
  class space    used 13793K, committed 14144K, reserved 1048576K
}
Event: 28.954 GC heap after
{Heap after GC invocations=43 (full 0):
 garbage-first heap   total 172032K, used 90356K [0x0000000700000000, 0x0000000800000000)
  region size 2048K, 4 young (8192K), 4 survivors (8192K)
 Metaspace       used 101328K, committed 102144K, reserved 1179648K
  class space    used 13793K, committed 14144K, reserved 1048576K
}
Event: 50.454 GC heap before
{Heap before GC invocations=43 (full 0):
 garbage-first heap   total 172032K, used 137460K [0x0000000700000000, 0x0000000800000000)
  region size 2048K, 28 young (57344K), 4 survivors (8192K)
 Metaspace       used 101518K, committed 102208K, reserved 1179648K
  class space    used 13800K, committed 14144K, reserved 1048576K
}
Event: 50.464 GC heap after
{Heap after GC invocations=44 (full 0):
 garbage-first heap   total 172032K, used 93981K [0x0000000700000000, 0x0000000800000000)
  region size 2048K, 2 young (4096K), 2 survivors (4096K)
 Metaspace       used 101518K, committed 102208K, reserved 1179648K
  class space    used 13800K, committed 14144K, reserved 1048576K
}
Event: 50.571 GC heap before
{Heap before GC invocations=45 (full 0):
 garbage-first heap   total 208896K, used 139037K [0x0000000700000000, 0x0000000800000000)
  region size 2048K, 25 young (51200K), 2 survivors (4096K)
 Metaspace       used 101682K, committed 102464K, reserved 1179648K
  class space    used 13800K, committed 14144K, reserved 1048576K
}
Event: 50.575 GC heap after
{Heap after GC invocations=46 (full 0):
 garbage-first heap   total 208896K, used 92977K [0x0000000700000000, 0x0000000800000000)
  region size 2048K, 2 young (4096K), 2 survivors (4096K)
 Metaspace       used 101682K, committed 102464K, reserved 1179648K
  class space    used 13800K, committed 14144K, reserved 1048576K
}
Event: 50.722 GC heap before
{Heap before GC invocations=46 (full 0):
 garbage-first heap   total 208896K, used 168753K [0x0000000700000000, 0x0000000800000000)
  region size 2048K, 40 young (81920K), 2 survivors (4096K)
 Metaspace       used 101711K, committed 102464K, reserved 1179648K
  class space    used 13802K, committed 14144K, reserved 1048576K
}
Event: 50.725 GC heap after
{Heap after GC invocations=47 (full 0):
 garbage-first heap   total 208896K, used 93146K [0x0000000700000000, 0x0000000800000000)
  region size 2048K, 2 young (4096K), 2 survivors (4096K)
 Metaspace       used 101711K, committed 102464K, reserved 1179648K
  class space    used 13802K, committed 14144K, reserved 1048576K
}
Event: 50.839 GC heap before
{Heap before GC invocations=47 (full 0):
 garbage-first heap   total 208896K, used 173018K [0x0000000700000000, 0x0000000800000000)
  region size 2048K, 42 young (86016K), 2 survivors (4096K)
 Metaspace       used 101726K, committed 102464K, reserved 1179648K
  class space    used 13802K, committed 14144K, reserved 1048576K
}
Event: 50.842 GC heap after
{Heap after GC invocations=48 (full 0):
 garbage-first heap   total 208896K, used 94270K [0x0000000700000000, 0x0000000800000000)
  region size 2048K, 3 young (6144K), 3 survivors (6144K)
 Metaspace       used 101726K, committed 102464K, reserved 1179648K
  class space    used 13802K, committed 14144K, reserved 1048576K
}
Event: 50.944 GC heap before
{Heap before GC invocations=48 (full 0):
 garbage-first heap   total 208896K, used 174142K [0x0000000700000000, 0x0000000800000000)
  region size 2048K, 43 young (88064K), 3 survivors (6144K)
 Metaspace       used 101729K, committed 102464K, reserved 1179648K
  class space    used 13802K, committed 14144K, reserved 1048576K
}

